<?xml version="1.0" encoding="UTF-8"?>
<testng-results skipped="0" failed="1" total="4" passed="3">
  <reporter-output>
  </reporter-output>
  <suite name="Default Suite" duration-ms="46551" started-at="2017-02-01T20:39:54Z" finished-at="2017-02-01T20:40:40Z">
    <groups>
    </groups>
    <test name="astroviewappium" duration-ms="46551" started-at="2017-02-01T20:39:54Z" finished-at="2017-02-01T20:40:40Z">
      <class name="scenarios.AppiumTest">
        <test-method status="PASS" signature="setUp()" name="setUp" is-config="true" duration-ms="5553" started-at="2017-02-01T20:39:54Z" finished-at="2017-02-01T20:39:59Z">
        </test-method>
        <test-method status="PASS" signature="countSynopsisText()" name="countSynopsisText" duration-ms="10422" started-at="2017-02-01T20:39:59Z" finished-at="2017-02-01T20:40:10Z">
        </test-method>
        <test-method status="PASS" signature="setReminder()" name="setReminder" duration-ms="3761" started-at="2017-02-01T20:40:10Z" finished-at="2017-02-01T20:40:14Z">
        </test-method>
        <test-method status="FAIL" signature="addFavorite()" name="addFavorite" duration-ms="11791" started-at="2017-02-01T20:40:14Z" finished-at="2017-02-01T20:40:25Z">
          <exception class="java.lang.AssertionError">
            <message>
              <![CDATA[expected:<true> but was:<false>]]>
            </message>
            <full-stacktrace>
              <![CDATA[java.lang.AssertionError: expected:<true> but was:<false>
	at org.testng.Assert.fail(Assert.java:89)
	at org.testng.Assert.failNotEquals(Assert.java:489)
	at org.testng.Assert.assertTrue(Assert.java:37)
	at org.testng.Assert.assertTrue(Assert.java:47)
	at scenarios.AppiumTest.addFavorite(AppiumTest.java:64)
	at sun.reflect.NativeMethodAccessorImpl.invoke0(Native Method)
	at sun.reflect.NativeMethodAccessorImpl.invoke(NativeMethodAccessorImpl.java:62)
	at sun.reflect.DelegatingMethodAccessorImpl.invoke(DelegatingMethodAccessorImpl.java:43)
	at java.lang.reflect.Method.invoke(Method.java:498)
	at org.testng.internal.MethodInvocationHelper.invokeMethod(MethodInvocationHelper.java:80)
	at org.testng.internal.Invoker.invokeMethod(Invoker.java:673)
	at org.testng.internal.Invoker.invokeTestMethod(Invoker.java:842)
	at org.testng.internal.Invoker.invokeTestMethods(Invoker.java:1166)
	at org.testng.internal.TestMethodWorker.invokeTestMethods(TestMethodWorker.java:125)
	at org.testng.internal.TestMethodWorker.run(TestMethodWorker.java:109)
	at org.testng.TestRunner.runWorkers(TestRunner.java:1178)
	at org.testng.TestRunner.privateRun(TestRunner.java:757)
	at org.testng.TestRunner.run(TestRunner.java:608)
	at org.testng.SuiteRunner.runTest(SuiteRunner.java:334)
	at org.testng.SuiteRunner.runSequentially(SuiteRunner.java:329)
	at org.testng.SuiteRunner.privateRun(SuiteRunner.java:291)
	at org.testng.SuiteRunner.run(SuiteRunner.java:240)
	at org.testng.SuiteRunnerWorker.runSuite(SuiteRunnerWorker.java:52)
	at org.testng.SuiteRunnerWorker.run(SuiteRunnerWorker.java:86)
	at org.testng.TestNG.runSuitesSequentially(TestNG.java:1158)
	at org.testng.TestNG.runSuitesLocally(TestNG.java:1083)
	at org.testng.TestNG.run(TestNG.java:999)
	at org.testng.IDEARemoteTestNG.run(IDEARemoteTestNG.java:72)
	at org.testng.RemoteTestNGStarter.main(RemoteTestNGStarter.java:127)
	at sun.reflect.NativeMethodAccessorImpl.invoke0(Native Method)
	at sun.reflect.NativeMethodAccessorImpl.invoke(NativeMethodAccessorImpl.java:62)
	at sun.reflect.DelegatingMethodAccessorImpl.invoke(DelegatingMethodAccessorImpl.java:43)
	at java.lang.reflect.Method.invoke(Method.java:498)
	at com.intellij.rt.execution.application.AppMain.main(AppMain.java:147)
]]>
            </full-stacktrace>
          </exception>
        </test-method>
        <test-method status="PASS" signature="removeFavorite()" name="removeFavorite" duration-ms="13344" started-at="2017-02-01T20:40:25Z" finished-at="2017-02-01T20:40:39Z">
        </test-method>
        <test-method status="PASS" signature="tearDown()" name="tearDown" is-config="true" duration-ms="1665" started-at="2017-02-01T20:40:39Z" finished-at="2017-02-01T20:40:40Z">
        </test-method>
      </class>
    </test>
  </suite>
</testng-results>
